<?xml version="1.0" encoding="UTF-8"?>
<!-- Generated by org.testng.reporters.JUnitXMLReporter -->
<testsuite hostname="DESKTOP-5P74EC3" ignored="0" name="Test Node1" tests="12" failures="0" timestamp="2020-10-28T16:39:17 IST" time="347.306" errors="0">
  <testcase name="testOne" time="59.604" classname="testCases.TestHome"/>
  <testcase name="TestOne" time="62.273" classname="testCases.TestCar"/>
  <testcase name="testOne" time="58.985" classname="testCases.TestHome"/>
  <testcase name="TestOne" time="57.941" classname="testCases.TestCar"/>
  <testcase name="testOne" time="61.974" classname="testCases.TestHome"/>
  <testcase name="TestOne" time="88.301" classname="testCases.TestCar"/>
  <testcase name="testTwo" time="47.273" classname="testCases.TestHome"/>
  <testcase name="TestTwo" time="43.22" classname="testCases.TestCar"/>
  <testcase name="testTwo" time="53.962" classname="testCases.TestHome"/>
  <testcase name="TestTwo" time="48.774" classname="testCases.TestCar"/>
  <testcase name="testTwo" time="52.078" classname="testCases.TestHome"/>
  <testcase name="TestTwo" time="45.148" classname="testCases.TestCar"/>
</testsuite> <!-- Test Node1 -->
