<?xml version="1.0" encoding="UTF-8"?>
<!-- Generated by org.testng.reporters.JUnitXMLReporter -->
<testsuite hostname="DESKTOP-5P74EC3" ignored="0" name="Test Node1" tests="12" failures="0" timestamp="2020-10-30T12:56:28 IST" time="388.49" errors="0">
  <testcase name="TestOne" time="58.986" classname="testCases.TestCar"/>
  <testcase name="testOne" time="60.007" classname="testCases.TestHome"/>
  <testcase name="testOne" time="59.644" classname="testCases.TestHome"/>
  <testcase name="TestOne" time="61.275" classname="testCases.TestCar"/>
  <testcase name="TestOne" time="61.943" classname="testCases.TestCar"/>
  <testcase name="testOne" time="66.91" classname="testCases.TestHome"/>
  <testcase name="TestTwo" time="65.346" classname="testCases.TestCar"/>
  <testcase name="testTwo" time="67.185" classname="testCases.TestHome"/>
  <testcase name="TestTwo" time="67.309" classname="testCases.TestCar"/>
  <testcase name="testTwo" time="67.631" classname="testCases.TestHome"/>
  <testcase name="TestTwo" time="61.022" classname="testCases.TestCar"/>
  <testcase name="testTwo" time="65.374" classname="testCases.TestHome"/>
</testsuite> <!-- Test Node1 -->
