<?xml version="1.0" encoding="UTF-8"?>
<testsuite xmlns:xsi="http://www.w3.org/2001/XMLSchema-instance" xsi:noNamespaceSchemaLocation="https://maven.apache.org/surefire/maven-surefire-plugin/xsd/surefire-test-report-3.0.xsd" version="3.0" name="TestSuite" time="391.288" tests="12" errors="0" skipped="0" failures="0">
  <properties>
[...]
</properties>
  <testcase name="TestOne[{Rate=7.0, Tenure=3.0, Principal=100000.0}](1)" classname="testCases.TestCar" time="58.995">
    <system-out><![CDATA[
Home Loan Sheet for new test case is created successfully

First month Principal Amount for Car Loan:  2,504
First month Interest Amount for Car Loan:  583

Car Loan Sheet for new test case is created successfully

]]></system-out>
    <system-err><![CDATA[Oct 30, 2020 12:50:00 PM org.openqa.selenium.remote.DesiredCapabilities firefox
INFO: Using `new FirefoxOptions()` is preferred to `DesiredCapabilities.firefox()`
Oct 30, 2020 12:50:03 PM org.openqa.selenium.remote.DesiredCapabilities chrome
INFO: Using `new ChromeOptions()` is preferred to `DesiredCapabilities.chrome()`
Oct 30, 2020 12:50:08 PM org.openqa.selenium.remote.ProtocolHandshake createSession
INFO: Detected dialect: W3C
Oct 30, 2020 12:50:13 PM org.openqa.selenium.remote.ProtocolHandshake createSession
INFO: Detected dialect: W3C
]]></system-err>
  </testcase>
  <testcase name="TestOne[{Rate=7.5, Tenure=4.0, Principal=700000.0}](2)" classname="testCases.TestCar" time="0.611">
    <system-err><![CDATA[Oct 30, 2020 12:52:00 PM org.openqa.selenium.remote.DesiredCapabilities firefox
INFO: Using `new FirefoxOptions()` is preferred to `DesiredCapabilities.firefox()`
]]></system-err>
  </testcase>
  <testcase name="TestOne[{Rate=8.0, Tenure=5.0, Principal=900000.0}](3)" classname="testCases.TestCar" time="61.947">
    <system-out><![CDATA[First month Principal Amount for Car Loan:  12,249
First month Interest Amount for Car Loan:  6,000

Car Loan Sheet for new test case is created successfully


Home Loan Sheet for new test case is created successfully

]]></system-out>
    <system-err><![CDATA[Oct 30, 2020 12:52:03 PM org.openqa.selenium.remote.DesiredCapabilities chrome
INFO: Using `new ChromeOptions()` is preferred to `DesiredCapabilities.chrome()`
Oct 30, 2020 12:52:09 PM org.openqa.selenium.remote.ProtocolHandshake createSession
INFO: Detected dialect: W3C
Oct 30, 2020 12:52:10 PM org.openqa.selenium.remote.ProtocolHandshake createSession
INFO: Detected dialect: W3C
]]></system-err>
  </testcase>
  <testcase name="TestTwo[{Rate=9.5, Tenure=1.0, Principal=1500000.0}](1)" classname="testCases.TestCar" time="60.988">
    <system-out><![CDATA[First month Principal Amount for Car Loan:  1,19,650
First month Interest Amount for Car Loan:  11,875

Car Loan Sheet for new test case is created successfully


Home Loan Sheet for new test case is created successfully

]]></system-out>
    <system-err><![CDATA[Oct 30, 2020 12:53:07 PM org.openqa.selenium.remote.DesiredCapabilities firefox
INFO: Using `new FirefoxOptions()` is preferred to `DesiredCapabilities.firefox()`
Oct 30, 2020 12:53:08 PM org.openqa.selenium.remote.ProtocolHandshake createSession
INFO: Detected dialect: W3C
Oct 30, 2020 12:53:34 PM org.openqa.selenium.remote.ProtocolHandshake createSession
INFO: Detected dialect: W3C
]]></system-err>
  </testcase>
  <testcase name="TestTwo[{Rate=8.0, Tenure=4.0, Principal=400000.0}](2)" classname="testCases.TestCar" time="61.113">
    <system-out><![CDATA[First month Principal Amount for Car Loan:  7,099
First month Interest Amount for Car Loan:  2,667

Car Loan Sheet for new test case is created successfully


Home Loan Sheet for new test case is created successfully

]]></system-out>
    <system-err><![CDATA[Oct 30, 2020 12:54:14 PM org.openqa.selenium.remote.DesiredCapabilities firefox
INFO: Using `new FirefoxOptions()` is preferred to `DesiredCapabilities.firefox()`
Oct 30, 2020 12:54:34 PM org.openqa.selenium.remote.ProtocolHandshake createSession
INFO: Detected dialect: W3C
]]></system-err>
  </testcase>
  <testcase name="TestTwo[{Rate=12.5, Tenure=6.0, Principal=900000.0}](3)" classname="testCases.TestCar" time="54.506">
    <system-out><![CDATA[First month Principal Amount for Car Loan:  8,455
First month Interest Amount for Car Loan:  9,375

Car Loan Sheet for new test case is created successfully

]]></system-out>
    <system-err><![CDATA[Oct 30, 2020 12:55:21 PM org.openqa.selenium.remote.DesiredCapabilities firefox
INFO: Using `new FirefoxOptions()` is preferred to `DesiredCapabilities.firefox()`
Oct 30, 2020 12:55:44 PM org.openqa.selenium.remote.ProtocolHandshake createSession
INFO: Detected dialect: W3C
]]></system-err>
  </testcase>
  <testcase name="testOne[{Rate=9.5, Tenure=5.0, Principal=2500000.0}](1)" classname="testCases.TestHome" time="1.013"/>
  <testcase name="testOne[{Rate=12.0, Tenure=8.0, Principal=5000000.0}](2)" classname="testCases.TestHome" time="59.647">
    <system-out><![CDATA[
Home Loan Sheet for new test case is created successfully

First month Principal Amount for Car Loan:  12,550
First month Interest Amount for Car Loan:  4,375

Car Loan Sheet for new test case is created successfully

]]></system-out>
    <system-err><![CDATA[Oct 30, 2020 12:51:00 PM org.openqa.selenium.remote.DesiredCapabilities firefox
INFO: Using `new FirefoxOptions()` is preferred to `DesiredCapabilities.firefox()`
Oct 30, 2020 12:51:02 PM org.openqa.selenium.remote.DesiredCapabilities chrome
INFO: Using `new ChromeOptions()` is preferred to `DesiredCapabilities.chrome()`
Oct 30, 2020 12:51:07 PM org.openqa.selenium.remote.ProtocolHandshake createSession
INFO: Detected dialect: W3C
Oct 30, 2020 12:51:11 PM org.openqa.selenium.remote.ProtocolHandshake createSession
INFO: Detected dialect: W3C
]]></system-err>
  </testcase>
  <testcase name="testOne[{Rate=15.0, Tenure=12.0, Principal=7500000.0}](3)" classname="testCases.TestHome" time="4.275">
    <system-err><![CDATA[Oct 30, 2020 12:53:02 PM org.openqa.selenium.remote.DesiredCapabilities chrome
INFO: Using `new ChromeOptions()` is preferred to `DesiredCapabilities.chrome()`
]]></system-err>
  </testcase>
  <testcase name="testTwo[{Rate=9.5, Tenure=6.0, Principal=2000000.0}](1)" classname="testCases.TestHome" time="6.195">
    <system-err><![CDATA[Oct 30, 2020 12:54:08 PM org.openqa.selenium.remote.DesiredCapabilities chrome
INFO: Using `new ChromeOptions()` is preferred to `DesiredCapabilities.chrome()`
Oct 30, 2020 12:54:12 PM org.openqa.selenium.remote.ProtocolHandshake createSession
INFO: Detected dialect: W3C
]]></system-err>
  </testcase>
  <testcase name="testTwo[{Rate=15.0, Tenure=8.0, Principal=7000000.0}](2)" classname="testCases.TestHome" time="6.517">
    <system-err><![CDATA[Oct 30, 2020 12:55:15 PM org.openqa.selenium.remote.DesiredCapabilities chrome
INFO: Using `new ChromeOptions()` is preferred to `DesiredCapabilities.chrome()`
Oct 30, 2020 12:55:21 PM org.openqa.selenium.remote.ProtocolHandshake createSession
INFO: Detected dialect: W3C
]]></system-err>
  </testcase>
  <testcase name="testTwo[{Rate=12.5, Tenure=10.0, Principal=9500000.0}](3)" classname="testCases.TestHome" time="65.375">
    <system-out><![CDATA[
Home Loan Sheet for new test case is created successfully

]]></system-out>
  </testcase>
</testsuite>